<?xml version="1.0" encoding="UTF-8"?>
<testsuite name="com.orgcom.BasicBlockTest" tests="3" skipped="0" failures="0" errors="0" timestamp="2022-01-20T23:22:16" hostname="LAPTOP-3N6RUJR7" time="0.078">
  <properties/>
  <testcase name="constructorWithNullArguments()" classname="com.orgcom.BasicBlockTest" time="0.072"/>
  <testcase name="constructorWithEmptyTransactionsList()" classname="com.orgcom.BasicBlockTest" time="0.001"/>
  <testcase name="constructorWithEmptyHash()" classname="com.orgcom.BasicBlockTest" time="0.003"/>
  <system-out><![CDATA[]]></system-out>
  <system-err><![CDATA[]]></system-err>
</testsuite>
