<?xml version="1.0" encoding="UTF-8"?>
<testsuite name="Transactions.PaymentTransactionTest" tests="4" skipped="0" failures="0" errors="0" timestamp="2022-01-20T23:22:17" hostname="LAPTOP-3N6RUJR7" time="0.016">
  <properties/>
  <testcase name="getOrderId()" classname="Transactions.PaymentTransactionTest" time="0.001"/>
  <testcase name="PaymentTransactionWithNullReceiver()" classname="Transactions.PaymentTransactionTest" time="0.005"/>
  <testcase name="PaymentTransactionWithNullSender()" classname="Transactions.PaymentTransactionTest" time="0.003"/>
  <testcase name="PaymentTransactionWithMoreThanOneTransactionLine()" classname="Transactions.PaymentTransactionTest" time="0.002"/>
  <system-out><![CDATA[]]></system-out>
  <system-err><![CDATA[]]></system-err>
</testsuite>
