<?xml version="1.0" encoding="UTF-8"?>
<testsuite name="com.orgcom.BasicTransactionTest" tests="1" skipped="0" failures="0" errors="0" timestamp="2022-01-20T23:22:16" hostname="LAPTOP-3N6RUJR7" time="0.001">
  <properties/>
  <testcase name="instantiateBasicTransactionWithSameSenderAndReceiver()" classname="com.orgcom.BasicTransactionTest" time="0.001"/>
  <system-out><![CDATA[]]></system-out>
  <system-err><![CDATA[]]></system-err>
</testsuite>
