<?xml version="1.0" encoding="UTF-8"?>
<testsuite name="com.orgcom.BasicOrganizationTest" tests="3" skipped="0" failures="0" errors="0" timestamp="2022-01-20T23:22:16" hostname="LAPTOP-3N6RUJR7" time="0.046">
  <properties/>
  <testcase name="removeARegisteredTransaction()" classname="com.orgcom.BasicOrganizationTest" time="0.009"/>
  <testcase name="addTheSameTransactionMultipleTimes()" classname="com.orgcom.BasicOrganizationTest" time="0.031"/>
  <testcase name="addTransactionWithZeroTransactionLines()" classname="com.orgcom.BasicOrganizationTest" time="0.004"/>
  <system-out><![CDATA[]]></system-out>
  <system-err><![CDATA[]]></system-err>
</testsuite>
